  [1m[35m (0.1ms)[0m  [1m[34mSELECT sqlite_version(*)[0m
  [1m[35m (8.7ms)[0m  [1m[35mCREATE TABLE "schema_migrations" ("version" varchar NOT NULL PRIMARY KEY)[0m
  [1m[35m (6.4ms)[0m  [1m[35mCREATE TABLE "ar_internal_metadata" ("key" varchar NOT NULL PRIMARY KEY, "value" varchar, "created_at" datetime NOT NULL, "updated_at" datetime NOT NULL)[0m
  [1m[35m (0.2ms)[0m  [1m[34mSELECT "schema_migrations"."version" FROM "schema_migrations" ORDER BY "schema_migrations"."version" ASC[0m
Migrating to CreateKinds (20180626024931)
  [1m[35m (0.1ms)[0m  [1m[36mbegin transaction[0m
  [1m[35m (0.4ms)[0m  [1m[35mCREATE TABLE "kinds" ("id" INTEGER PRIMARY KEY AUTOINCREMENT NOT NULL, "description" varchar, "created_at" datetime NOT NULL, "updated_at" datetime NOT NULL)[0m
  [1m[35mSQL (0.2ms)[0m  [1m[32mINSERT INTO "schema_migrations" ("version") VALUES (?)[0m  [["version", "20180626024931"]]
  [1m[35m (7.2ms)[0m  [1m[36mcommit transaction[0m
Migrating to CreateContacts (20180626024939)
  [1m[35m (0.1ms)[0m  [1m[36mbegin transaction[0m
  [1m[35m (0.3ms)[0m  [1m[35mCREATE TABLE "contacts" ("id" INTEGER PRIMARY KEY AUTOINCREMENT NOT NULL, "name" varchar, "email" varchar, "kind_id" integer, "rmk" text, "created_at" datetime NOT NULL, "updated_at" datetime NOT NULL, CONSTRAINT "fk_rails_c1f4bf4c44"
FOREIGN KEY ("kind_id")
  REFERENCES "kinds" ("id")
)[0m
  [1m[35m (0.1ms)[0m  [1m[35mCREATE  INDEX "index_contacts_on_kind_id" ON "contacts" ("kind_id")[0m
  [1m[35mSQL (0.1ms)[0m  [1m[32mINSERT INTO "schema_migrations" ("version") VALUES (?)[0m  [["version", "20180626024939"]]
  [1m[35m (7.1ms)[0m  [1m[36mcommit transaction[0m
Migrating to CreateAddresses (20180626025226)
  [1m[35m (0.1ms)[0m  [1m[36mbegin transaction[0m
  [1m[35m (0.3ms)[0m  [1m[35mCREATE TABLE "addresses" ("id" INTEGER PRIMARY KEY AUTOINCREMENT NOT NULL, "street" varchar, "city" varchar, "state" varchar, "contact_id" integer, "created_at" datetime NOT NULL, "updated_at" datetime NOT NULL, CONSTRAINT "fk_rails_67e9674de3"
FOREIGN KEY ("contact_id")
  REFERENCES "contacts" ("id")
)[0m
  [1m[35m (0.1ms)[0m  [1m[35mCREATE  INDEX "index_addresses_on_contact_id" ON "addresses" ("contact_id")[0m
  [1m[35mSQL (0.2ms)[0m  [1m[32mINSERT INTO "schema_migrations" ("version") VALUES (?)[0m  [["version", "20180626025226"]]
  [1m[35m (6.1ms)[0m  [1m[36mcommit transaction[0m
Migrating to CreatePhones (20180626025232)
  [1m[35m (0.0ms)[0m  [1m[36mbegin transaction[0m
  [1m[35m (0.2ms)[0m  [1m[35mCREATE TABLE "phones" ("id" INTEGER PRIMARY KEY AUTOINCREMENT NOT NULL, "phone" varchar, "contact_id" integer, "created_at" datetime NOT NULL, "updated_at" datetime NOT NULL, CONSTRAINT "fk_rails_0c8c68a120"
FOREIGN KEY ("contact_id")
  REFERENCES "contacts" ("id")
)[0m
  [1m[35m (0.1ms)[0m  [1m[35mCREATE  INDEX "index_phones_on_contact_id" ON "phones" ("contact_id")[0m
  [1m[35mSQL (0.1ms)[0m  [1m[32mINSERT INTO "schema_migrations" ("version") VALUES (?)[0m  [["version", "20180626025232"]]
  [1m[35m (6.7ms)[0m  [1m[36mcommit transaction[0m
  [1m[36mActiveRecord::InternalMetadata Load (0.1ms)[0m  [1m[34mSELECT  "ar_internal_metadata".* FROM "ar_internal_metadata" WHERE "ar_internal_metadata"."key" = ? LIMIT ?[0m  [["key", "environment"], ["LIMIT", 1]]
  [1m[35m (0.0ms)[0m  [1m[36mbegin transaction[0m
  [1m[35mSQL (0.2ms)[0m  [1m[32mINSERT INTO "ar_internal_metadata" ("key", "value", "created_at", "updated_at") VALUES (?, ?, ?, ?)[0m  [["key", "environment"], ["value", "development"], ["created_at", "2018-06-26 02:52:54.899214"], ["updated_at", "2018-06-26 02:52:54.899214"]]
  [1m[35m (4.6ms)[0m  [1m[36mcommit transaction[0m
  [1m[35m (0.2ms)[0m  [1m[34mSELECT "schema_migrations"."version" FROM "schema_migrations" ORDER BY "schema_migrations"."version" ASC[0m
  [1m[35m (0.1ms)[0m  [1m[34m            SELECT sql
            FROM sqlite_master
            WHERE name='index_addresses_on_contact_id' AND type='index'
            UNION ALL
            SELECT sql
            FROM sqlite_temp_master
            WHERE name='index_addresses_on_contact_id' AND type='index'
[0m
  [1m[35m (0.1ms)[0m  [1m[34m            SELECT sql
            FROM sqlite_master
            WHERE name='index_contacts_on_kind_id' AND type='index'
            UNION ALL
            SELECT sql
            FROM sqlite_temp_master
            WHERE name='index_contacts_on_kind_id' AND type='index'
[0m
  [1m[35m (0.1ms)[0m  [1m[34m            SELECT sql
            FROM sqlite_master
            WHERE name='index_phones_on_contact_id' AND type='index'
            UNION ALL
            SELECT sql
            FROM sqlite_temp_master
            WHERE name='index_phones_on_contact_id' AND type='index'
[0m
Started GET "/contacts" for 127.0.0.1 at 2018-06-25 23:53:26 -0300
  [1m[35m (0.1ms)[0m  [1m[34mSELECT "schema_migrations"."version" FROM "schema_migrations" ORDER BY "schema_migrations"."version" ASC[0m
Processing by ContactsController#index as HTML
  Rendering contacts/index.html.erb within layouts/application
  [1m[36mContact Load (0.2ms)[0m  [1m[34mSELECT "contacts".* FROM "contacts"[0m
  Rendered contacts/index.html.erb within layouts/application (2.5ms)
Completed 200 OK in 423ms (Views: 401.6ms | ActiveRecord: 0.3ms)


Started GET "/contacts/new" for 127.0.0.1 at 2018-06-25 23:53:29 -0300
Processing by ContactsController#new as HTML
  Rendering contacts/new.html.erb within layouts/application
  Rendered contacts/_form.html.erb (16.2ms)
  Rendered contacts/new.html.erb within layouts/application (17.2ms)
Completed 200 OK in 81ms (Views: 37.2ms | ActiveRecord: 2.1ms)


Started POST "/contacts" for 127.0.0.1 at 2018-06-25 23:53:37 -0300
Processing by ContactsController#create as HTML
  Parameters: {"utf8"=>"✓", "authenticity_token"=>"oiAEWFVwaEPP5LsgKnDFtvtgZQrHcGE8PXsQgLD58DAMG/IXzT9w2o/9CcbVRuAXK06xVbGN8BdkhhbwMv0qjw==", "contact"=>{"name"=>"Fabio", "email"=>"fabiosoares@autoseg.com", "kind_id"=>"", "rmk"=>"Teste"}, "commit"=>"Create Contact"}
  [1m[35m (0.1ms)[0m  [1m[36mbegin transaction[0m
  [1m[35m (0.1ms)[0m  [1m[31mrollback transaction[0m
  Rendering contacts/new.html.erb within layouts/application
  Rendered contacts/_form.html.erb (3.3ms)
  Rendered contacts/new.html.erb within layouts/application (4.2ms)
Completed 200 OK in 37ms (Views: 27.3ms | ActiveRecord: 0.2ms)


Started POST "/contacts" for 127.0.0.1 at 2018-06-25 23:55:31 -0300
Processing by ContactsController#create as HTML
  Parameters: {"utf8"=>"✓", "authenticity_token"=>"kvRWl1f5/sWep59r2JA9mqi6vvVicqyDJXLYZlhQ9CyjmE4yRXmX4hK+DlD5RafavVCd9rB/tEtxu8kkdf4LVw==", "contact"=>{"name"=>"Fabio", "email"=>"fabiosoares@autoseg.com", "kind_id"=>"", "rmk"=>"Teste"}, "commit"=>"Create Contact"}
  [1m[35m (0.1ms)[0m  [1m[36mbegin transaction[0m
  [1m[35m (0.1ms)[0m  [1m[31mrollback transaction[0m
  Rendering contacts/new.html.erb within layouts/application
  Rendered contacts/_form.html.erb (4.3ms)
  Rendered contacts/new.html.erb within layouts/application (5.7ms)
Completed 200 OK in 31ms (Views: 28.2ms | ActiveRecord: 0.1ms)


Started POST "/contacts" for 127.0.0.1 at 2018-06-26 00:04:12 -0300
Processing by ContactsController#create as HTML
  Parameters: {"utf8"=>"✓", "authenticity_token"=>"+OnOxu8/FG1hncoWT2JEH3jye3lKWeNl01h7BeuohzvJhdZj/b99Su2EWy1ut95fbRhYephU+62HkWpHxgZ4QA==", "contact"=>{"name"=>"Fabio", "email"=>"fabiosoares@autoseg.com", "kind_id"=>"Amigo", "rmk"=>"Teste"}, "commit"=>"Create Contact"}
  [1m[35m (0.1ms)[0m  [1m[36mbegin transaction[0m
  [1m[36mKind Load (0.9ms)[0m  [1m[34mSELECT  "kinds".* FROM "kinds" WHERE "kinds"."id" = ? LIMIT ?[0m  [["id", 0], ["LIMIT", 1]]
  [1m[35m (0.1ms)[0m  [1m[31mrollback transaction[0m
  Rendering contacts/new.html.erb within layouts/application
  Rendered contacts/_form.html.erb (4.3ms)
  Rendered contacts/new.html.erb within layouts/application (5.5ms)
Completed 200 OK in 55ms (Views: 33.4ms | ActiveRecord: 2.0ms)


Started GET "/kinds" for 127.0.0.1 at 2018-06-26 00:04:18 -0300
Processing by KindsController#index as HTML
  Rendering kinds/index.html.erb within layouts/application
  [1m[36mKind Load (0.1ms)[0m  [1m[34mSELECT "kinds".* FROM "kinds"[0m
  Rendered kinds/index.html.erb within layouts/application (1.4ms)
Completed 200 OK in 26ms (Views: 23.9ms | ActiveRecord: 0.1ms)


Started GET "/kinds/new" for 127.0.0.1 at 2018-06-26 00:04:20 -0300
Processing by KindsController#new as HTML
  Rendering kinds/new.html.erb within layouts/application
  Rendered kinds/_form.html.erb (3.5ms)
  Rendered kinds/new.html.erb within layouts/application (5.3ms)
Completed 200 OK in 38ms (Views: 29.3ms | ActiveRecord: 0.0ms)


Started POST "/kinds" for 127.0.0.1 at 2018-06-26 00:04:24 -0300
Processing by KindsController#create as HTML
  Parameters: {"utf8"=>"✓", "authenticity_token"=>"Rg+04SSI/IVnhed9OliUk00+VGTQilLR1SAvvCifFfQ/m8YHamWQ1dBRmTt04U4m/ML4W6BlgBIMoeoqepb28Q==", "kind"=>{"description"=>"Amigo"}, "commit"=>"Create Kind"}
  [1m[35m (0.1ms)[0m  [1m[36mbegin transaction[0m
  [1m[35mSQL (3.1ms)[0m  [1m[32mINSERT INTO "kinds" ("description", "created_at", "updated_at") VALUES (?, ?, ?)[0m  [["description", "Amigo"], ["created_at", "2018-06-26 03:04:24.658865"], ["updated_at", "2018-06-26 03:04:24.658865"]]
  [1m[35m (4.2ms)[0m  [1m[36mcommit transaction[0m
Redirected to http://0.0.0.0:3000/kinds/1
Completed 302 Found in 13ms (ActiveRecord: 7.5ms)


Started GET "/kinds/1" for 127.0.0.1 at 2018-06-26 00:04:24 -0300
Processing by KindsController#show as HTML
  Parameters: {"id"=>"1"}
  [1m[36mKind Load (0.1ms)[0m  [1m[34mSELECT  "kinds".* FROM "kinds" WHERE "kinds"."id" = ? LIMIT ?[0m  [["id", 1], ["LIMIT", 1]]
  Rendering kinds/show.html.erb within layouts/application
  Rendered kinds/show.html.erb within layouts/application (0.6ms)
Completed 200 OK in 19ms (Views: 16.5ms | ActiveRecord: 0.1ms)


Started GET "/contacts" for 127.0.0.1 at 2018-06-26 00:04:30 -0300
Processing by ContactsController#index as HTML
  Rendering contacts/index.html.erb within layouts/application
  [1m[36mContact Load (0.1ms)[0m  [1m[34mSELECT "contacts".* FROM "contacts"[0m
  Rendered contacts/index.html.erb within layouts/application (1.3ms)
Completed 200 OK in 20ms (Views: 18.5ms | ActiveRecord: 0.1ms)


Started GET "/contacts/new" for 127.0.0.1 at 2018-06-26 00:04:32 -0300
Processing by ContactsController#new as HTML
  Rendering contacts/new.html.erb within layouts/application
  Rendered contacts/_form.html.erb (4.4ms)
  Rendered contacts/new.html.erb within layouts/application (6.0ms)
Completed 200 OK in 27ms (Views: 25.1ms | ActiveRecord: 0.0ms)


Started POST "/contacts" for 127.0.0.1 at 2018-06-26 00:04:42 -0300
Processing by ContactsController#create as HTML
  Parameters: {"utf8"=>"✓", "authenticity_token"=>"HOARfby2/Uk7vjeZKBggSziHpsfORfiLyYEFawBuga6y2+cyJPnl0HunhX/XLgXq6KlymLi4aaCQfAMbgmpbEQ==", "contact"=>{"name"=>"Fabio", "email"=>"fabiosoares@autoseg.com", "kind_id"=>"Amigo", "rmk"=>"teste"}, "commit"=>"Create Contact"}
  [1m[35m (0.1ms)[0m  [1m[36mbegin transaction[0m
  [1m[36mKind Load (0.1ms)[0m  [1m[34mSELECT  "kinds".* FROM "kinds" WHERE "kinds"."id" = ? LIMIT ?[0m  [["id", 0], ["LIMIT", 1]]
  [1m[35m (0.1ms)[0m  [1m[31mrollback transaction[0m
  Rendering contacts/new.html.erb within layouts/application
  Rendered contacts/_form.html.erb (3.4ms)
  Rendered contacts/new.html.erb within layouts/application (4.6ms)
Completed 200 OK in 30ms (Views: 25.6ms | ActiveRecord: 0.3ms)


Started POST "/contacts" for 127.0.0.1 at 2018-06-26 00:04:45 -0300
Processing by ContactsController#create as HTML
  Parameters: {"utf8"=>"✓", "authenticity_token"=>"dZeJpv8jNPeOAO7NSG9nzOeAs6yUWl5jq42V++EUVTtE+5ED7aNd0AIZf/Zpuv2M8mqQr0ZXRqv/RIS5zLqqQA==", "contact"=>{"name"=>"Fabio", "email"=>"fabiosoares@autoseg.com", "kind_id"=>"1", "rmk"=>"teste"}, "commit"=>"Create Contact"}
  [1m[35m (0.1ms)[0m  [1m[36mbegin transaction[0m
  [1m[36mKind Load (0.1ms)[0m  [1m[34mSELECT  "kinds".* FROM "kinds" WHERE "kinds"."id" = ? LIMIT ?[0m  [["id", 1], ["LIMIT", 1]]
  [1m[35mSQL (0.8ms)[0m  [1m[32mINSERT INTO "contacts" ("name", "email", "kind_id", "rmk", "created_at", "updated_at") VALUES (?, ?, ?, ?, ?, ?)[0m  [["name", "Fabio"], ["email", "fabiosoares@autoseg.com"], ["kind_id", 1], ["rmk", "teste"], ["created_at", "2018-06-26 03:04:45.707132"], ["updated_at", "2018-06-26 03:04:45.707132"]]
  [1m[35m (9.6ms)[0m  [1m[36mcommit transaction[0m
Redirected to http://0.0.0.0:3000/contacts/1
Completed 302 Found in 17ms (ActiveRecord: 10.6ms)


Started GET "/contacts/1" for 127.0.0.1 at 2018-06-26 00:04:45 -0300
Processing by ContactsController#show as HTML
  Parameters: {"id"=>"1"}
  [1m[36mContact Load (0.1ms)[0m  [1m[34mSELECT  "contacts".* FROM "contacts" WHERE "contacts"."id" = ? LIMIT ?[0m  [["id", 1], ["LIMIT", 1]]
  Rendering contacts/show.html.erb within layouts/application
  [1m[36mKind Load (0.1ms)[0m  [1m[34mSELECT  "kinds".* FROM "kinds" WHERE "kinds"."id" = ? LIMIT ?[0m  [["id", 1], ["LIMIT", 1]]
  Rendered contacts/show.html.erb within layouts/application (1.3ms)
Completed 200 OK in 19ms (Views: 16.9ms | ActiveRecord: 0.2ms)


Started GET "/contacts" for 127.0.0.1 at 2018-06-26 00:04:52 -0300
Processing by ContactsController#index as HTML
  Rendering contacts/index.html.erb within layouts/application
  [1m[36mContact Load (0.1ms)[0m  [1m[34mSELECT "contacts".* FROM "contacts"[0m
  [1m[36mKind Load (0.1ms)[0m  [1m[34mSELECT  "kinds".* FROM "kinds" WHERE "kinds"."id" = ? LIMIT ?[0m  [["id", 1], ["LIMIT", 1]]
  Rendered contacts/index.html.erb within layouts/application (2.4ms)
Completed 200 OK in 22ms (Views: 21.2ms | ActiveRecord: 0.2ms)


Started GET "/kinds" for 127.0.0.1 at 2018-06-26 00:10:16 -0300
Processing by KindsController#index as HTML
  Rendering kinds/index.html.erb within layouts/application
  [1m[36mKind Load (0.2ms)[0m  [1m[34mSELECT "kinds".* FROM "kinds"[0m
  Rendered kinds/index.html.erb within layouts/application (2.0ms)
Completed 200 OK in 21ms (Views: 20.1ms | ActiveRecord: 0.2ms)


Started GET "/" for 127.0.0.1 at 2018-06-27 00:09:02 -0300
  [1m[35m (0.1ms)[0m  [1m[34mSELECT "schema_migrations"."version" FROM "schema_migrations" ORDER BY "schema_migrations"."version" ASC[0m
Processing by Rails::WelcomeController#index as HTML
  Rendering /home/fsoares/.rvm/gems/ruby-2.2.3/gems/railties-5.1.6/lib/rails/templates/rails/welcome/index.html.erb
  Rendered /home/fsoares/.rvm/gems/ruby-2.2.3/gems/railties-5.1.6/lib/rails/templates/rails/welcome/index.html.erb (2.6ms)
Completed 200 OK in 17ms (Views: 8.9ms | ActiveRecord: 0.0ms)


Started GET "/home/index" for 127.0.0.1 at 2018-06-27 00:10:19 -0300
Processing by HomeController#index as HTML
  Rendering home/index.html.erb within layouts/application
  Rendered home/index.html.erb within layouts/application (0.3ms)
Completed 200 OK in 183ms (Views: 181.9ms | ActiveRecord: 0.0ms)


Started GET "/home/index" for 127.0.0.1 at 2018-06-27 00:13:35 -0300
Processing by HomeController#index as HTML
  Rendering home/index.html.erb within layouts/application
  Rendered home/index.html.erb within layouts/application (0.4ms)
Completed 200 OK in 23ms (Views: 21.7ms | ActiveRecord: 0.0ms)


Started GET "/home/index" for 127.0.0.1 at 2018-06-27 00:16:01 -0300
Processing by HomeController#index as HTML
  Rendering home/index.html.erb within layouts/application
  Rendered home/index.html.erb within layouts/application (0.5ms)
Completed 200 OK in 26ms (Views: 24.4ms | ActiveRecord: 0.0ms)


Started GET "/home/index" for 127.0.0.1 at 2018-06-27 00:16:22 -0300
Processing by HomeController#index as HTML
  Rendering home/index.html.erb within layouts/application
  Rendered home/index.html.erb within layouts/application (0.7ms)
Completed 200 OK in 36ms (Views: 34.2ms | ActiveRecord: 0.0ms)


Started GET "/home/index" for 127.0.0.1 at 2018-06-27 00:16:57 -0300
Processing by HomeController#index as HTML
  Rendering home/index.html.erb within layouts/application
  Rendered home/index.html.erb within layouts/application (0.8ms)
Completed 200 OK in 37ms (Views: 35.0ms | ActiveRecord: 0.0ms)


Started GET "/home/kinds" for 127.0.0.1 at 2018-06-27 00:16:58 -0300
  
ActionController::RoutingError (No route matches [GET] "/home/kinds"):
  
actionpack (5.1.6) lib/action_dispatch/middleware/debug_exceptions.rb:63:in `call'
web-console (3.6.2) lib/web_console/middleware.rb:135:in `call_app'
web-console (3.6.2) lib/web_console/middleware.rb:30:in `block in call'
web-console (3.6.2) lib/web_console/middleware.rb:20:in `catch'
web-console (3.6.2) lib/web_console/middleware.rb:20:in `call'
actionpack (5.1.6) lib/action_dispatch/middleware/show_exceptions.rb:31:in `call'
railties (5.1.6) lib/rails/rack/logger.rb:36:in `call_app'
railties (5.1.6) lib/rails/rack/logger.rb:24:in `block in call'
activesupport (5.1.6) lib/active_support/tagged_logging.rb:69:in `block in tagged'
activesupport (5.1.6) lib/active_support/tagged_logging.rb:26:in `tagged'
activesupport (5.1.6) lib/active_support/tagged_logging.rb:69:in `tagged'
railties (5.1.6) lib/rails/rack/logger.rb:24:in `call'
sprockets-rails (3.2.1) lib/sprockets/rails/quiet_assets.rb:13:in `call'
actionpack (5.1.6) lib/action_dispatch/middleware/remote_ip.rb:79:in `call'
actionpack (5.1.6) lib/action_dispatch/middleware/request_id.rb:25:in `call'
rack (2.0.5) lib/rack/method_override.rb:22:in `call'
rack (2.0.5) lib/rack/runtime.rb:22:in `call'
activesupport (5.1.6) lib/active_support/cache/strategy/local_cache_middleware.rb:27:in `call'
actionpack (5.1.6) lib/action_dispatch/middleware/executor.rb:12:in `call'
actionpack (5.1.6) lib/action_dispatch/middleware/static.rb:125:in `call'
rack (2.0.5) lib/rack/sendfile.rb:111:in `call'
railties (5.1.6) lib/rails/engine.rb:522:in `call'
puma (3.11.4) lib/puma/configuration.rb:225:in `call'
puma (3.11.4) lib/puma/server.rb:632:in `handle_request'
puma (3.11.4) lib/puma/server.rb:446:in `process_client'
puma (3.11.4) lib/puma/server.rb:306:in `block in run'
puma (3.11.4) lib/puma/thread_pool.rb:120:in `call'
puma (3.11.4) lib/puma/thread_pool.rb:120:in `block in spawn_thread'
Started GET "/home/index" for 127.0.0.1 at 2018-06-27 00:17:50 -0300
Processing by HomeController#index as HTML
  Rendering home/index.html.erb within layouts/application
  Rendered home/index.html.erb within layouts/application (0.4ms)
Completed 200 OK in 27ms (Views: 26.1ms | ActiveRecord: 0.0ms)


Started GET "/home/index" for 127.0.0.1 at 2018-06-27 00:17:52 -0300
Processing by HomeController#index as HTML
  Rendering home/index.html.erb within layouts/application
  Rendered home/index.html.erb within layouts/application (0.3ms)
Completed 200 OK in 21ms (Views: 19.9ms | ActiveRecord: 0.0ms)


Started GET "/kinds" for 127.0.0.1 at 2018-06-27 00:17:53 -0300
Processing by KindsController#index as HTML
  Rendering kinds/index.html.erb within layouts/application
  [1m[36mKind Load (0.5ms)[0m  [1m[34mSELECT "kinds".* FROM "kinds"[0m
  Rendered kinds/index.html.erb within layouts/application (8.3ms)
Completed 200 OK in 37ms (Views: 27.8ms | ActiveRecord: 1.2ms)


Started GET "/" for 127.0.0.1 at 2018-06-27 00:19:24 -0300
Processing by HomeController#index as HTML
  Rendering home/index.html.erb within layouts/application
  Rendered home/index.html.erb within layouts/application (0.2ms)
Completed 200 OK in 18ms (Views: 17.1ms)


Started GET "/kinds" for 127.0.0.1 at 2018-06-27 00:33:51 -0300
Processing by KindsController#index as HTML
  Rendering kinds/index.html.erb within layouts/application
  [1m[36mKind Load (0.1ms)[0m  [1m[34mSELECT "kinds".* FROM "kinds"[0m
  Rendered kinds/index.html.erb within layouts/application (8.4ms)
Completed 200 OK in 35ms (Views: 29.8ms | ActiveRecord: 1.2ms)


Started GET "/" for 127.0.0.1 at 2018-06-27 00:47:43 -0300
Processing by HomeController#index as HTML
  Rendering home/index.html.erb within layouts/application
  Rendered home/index.html.erb within layouts/application (1.3ms)
Completed 200 OK in 29ms (Views: 26.2ms | ActiveRecord: 0.0ms)


Started GET "/kinds" for 127.0.0.1 at 2018-06-27 00:47:47 -0300
Processing by KindsController#index as HTML
  Rendering kinds/index.html.erb within layouts/application
  [1m[36mKind Load (0.3ms)[0m  [1m[34mSELECT "kinds".* FROM "kinds"[0m
  Rendered kinds/index.html.erb within layouts/application (3.7ms)
Completed 200 OK in 43ms (Views: 38.6ms | ActiveRecord: 0.3ms)


Started GET "/rails/inforoutes" for 127.0.0.1 at 2018-06-27 00:49:23 -0300
  
ActionController::RoutingError (No route matches [GET] "/rails/inforoutes"):
  
actionpack (5.1.6) lib/action_dispatch/middleware/debug_exceptions.rb:63:in `call'
web-console (3.6.2) lib/web_console/middleware.rb:135:in `call_app'
web-console (3.6.2) lib/web_console/middleware.rb:30:in `block in call'
web-console (3.6.2) lib/web_console/middleware.rb:20:in `catch'
web-console (3.6.2) lib/web_console/middleware.rb:20:in `call'
actionpack (5.1.6) lib/action_dispatch/middleware/show_exceptions.rb:31:in `call'
railties (5.1.6) lib/rails/rack/logger.rb:36:in `call_app'
railties (5.1.6) lib/rails/rack/logger.rb:24:in `block in call'
activesupport (5.1.6) lib/active_support/tagged_logging.rb:69:in `block in tagged'
activesupport (5.1.6) lib/active_support/tagged_logging.rb:26:in `tagged'
activesupport (5.1.6) lib/active_support/tagged_logging.rb:69:in `tagged'
railties (5.1.6) lib/rails/rack/logger.rb:24:in `call'
sprockets-rails (3.2.1) lib/sprockets/rails/quiet_assets.rb:13:in `call'
actionpack (5.1.6) lib/action_dispatch/middleware/remote_ip.rb:79:in `call'
actionpack (5.1.6) lib/action_dispatch/middleware/request_id.rb:25:in `call'
rack (2.0.5) lib/rack/method_override.rb:22:in `call'
rack (2.0.5) lib/rack/runtime.rb:22:in `call'
activesupport (5.1.6) lib/active_support/cache/strategy/local_cache_middleware.rb:27:in `call'
actionpack (5.1.6) lib/action_dispatch/middleware/executor.rb:12:in `call'
actionpack (5.1.6) lib/action_dispatch/middleware/static.rb:125:in `call'
rack (2.0.5) lib/rack/sendfile.rb:111:in `call'
railties (5.1.6) lib/rails/engine.rb:522:in `call'
puma (3.11.4) lib/puma/configuration.rb:225:in `call'
puma (3.11.4) lib/puma/server.rb:632:in `handle_request'
puma (3.11.4) lib/puma/server.rb:446:in `process_client'
puma (3.11.4) lib/puma/server.rb:306:in `block in run'
puma (3.11.4) lib/puma/thread_pool.rb:120:in `call'
puma (3.11.4) lib/puma/thread_pool.rb:120:in `block in spawn_thread'
Started GET "/rails/info/routes" for 127.0.0.1 at 2018-06-27 00:49:36 -0300
Processing by Rails::InfoController#routes as HTML
  Rendering /home/fsoares/.rvm/gems/ruby-2.2.3/gems/railties-5.1.6/lib/rails/templates/rails/info/routes.html.erb within layouts/application
  Rendered collection of /home/fsoares/.rvm/gems/ruby-2.2.3/gems/actionpack-5.1.6/lib/action_dispatch/middleware/templates/routes/_route.html.erb [34 times] (7.5ms)
  Rendered /home/fsoares/.rvm/gems/ruby-2.2.3/gems/actionpack-5.1.6/lib/action_dispatch/middleware/templates/routes/_table.html.erb (0.9ms)
  Rendered /home/fsoares/.rvm/gems/ruby-2.2.3/gems/railties-5.1.6/lib/rails/templates/rails/info/routes.html.erb within layouts/application (11.7ms)
Completed 200 OK in 17ms (Views: 15.1ms | ActiveRecord: 0.0ms)


Started GET "/" for 127.0.0.1 at 2018-06-27 00:51:37 -0300
Processing by HomeController#index as HTML
  Rendering home/index.html.erb within layouts/application
  Rendered home/index.html.erb within layouts/application (3.4ms)
Completed 200 OK in 38ms (Views: 34.9ms | ActiveRecord: 0.0ms)


Started GET "/kinds" for 127.0.0.1 at 2018-06-27 00:51:39 -0300
Processing by KindsController#index as HTML
  Rendering kinds/index.html.erb within layouts/application
  [1m[36mKind Load (0.3ms)[0m  [1m[34mSELECT "kinds".* FROM "kinds"[0m
  Rendered kinds/index.html.erb within layouts/application (2.2ms)
Completed 200 OK in 31ms (Views: 29.0ms | ActiveRecord: 0.3ms)


Started GET "/" for 127.0.0.1 at 2018-06-27 00:52:22 -0300
Processing by HomeController#index as HTML
  Rendering home/index.html.erb within layouts/application
  Rendered home/index.html.erb within layouts/application (1.4ms)
Completed 200 OK in 29ms (Views: 27.3ms | ActiveRecord: 0.0ms)


Started GET "/" for 127.0.0.1 at 2018-06-27 00:52:38 -0300
Processing by HomeController#index as HTML
  Rendering home/index.html.erb within layouts/application
  Rendered home/index.html.erb within layouts/application (0.9ms)
Completed 200 OK in 37ms (Views: 35.3ms | ActiveRecord: 0.0ms)


Started GET "/kinds" for 127.0.0.1 at 2018-06-27 00:52:39 -0300
Processing by KindsController#index as HTML
  Rendering kinds/index.html.erb within layouts/application
  [1m[36mKind Load (0.3ms)[0m  [1m[34mSELECT "kinds".* FROM "kinds"[0m
  Rendered kinds/index.html.erb within layouts/application (3.1ms)
Completed 200 OK in 38ms (Views: 35.5ms | ActiveRecord: 0.3ms)


Started GET "/contacts" for 127.0.0.1 at 2018-06-27 00:52:42 -0300
Processing by ContactsController#index as HTML
  Rendering contacts/index.html.erb within layouts/application
  [1m[36mContact Load (0.6ms)[0m  [1m[34mSELECT "contacts".* FROM "contacts"[0m
  [1m[36mKind Load (0.2ms)[0m  [1m[34mSELECT  "kinds".* FROM "kinds" WHERE "kinds"."id" = ? LIMIT ?[0m  [["id", 1], ["LIMIT", 1]]
  Rendered contacts/index.html.erb within layouts/application (26.8ms)
Completed 200 OK in 71ms (Views: 46.9ms | ActiveRecord: 1.4ms)


Started GET "/addresses" for 127.0.0.1 at 2018-06-27 00:52:44 -0300
Processing by AddressesController#index as HTML
  Rendering addresses/index.html.erb within layouts/application
  [1m[36mAddress Load (1.1ms)[0m  [1m[34mSELECT "addresses".* FROM "addresses"[0m
  Rendered addresses/index.html.erb within layouts/application (3.7ms)
Completed 200 OK in 37ms (Views: 25.9ms | ActiveRecord: 1.4ms)


Started GET "/phones" for 127.0.0.1 at 2018-06-27 00:52:47 -0300
Processing by PhonesController#index as HTML
  Rendering phones/index.html.erb within layouts/application
  [1m[36mPhone Load (0.4ms)[0m  [1m[34mSELECT "phones".* FROM "phones"[0m
  Rendered phones/index.html.erb within layouts/application (2.6ms)
Completed 200 OK in 40ms (Views: 29.0ms | ActiveRecord: 0.7ms)


Started GET "/" for 127.0.0.1 at 2018-06-27 00:56:35 -0300
  
SyntaxError (/home/fsoares/Documents/AutoSeg/Git/my-first-project/app/helpers/home_helper.rb:4: syntax error, unexpected end-of-input, expecting keyword_end):
  
app/helpers/home_helper.rb:4: syntax error, unexpected end-of-input, expecting keyword_end
app/controllers/application_controller.rb:1:in `<top (required)>'
app/controllers/home_controller.rb:1:in `<top (required)>'
Started GET "/" for 127.0.0.1 at 2018-06-27 00:57:22 -0300
Processing by HomeController#index as HTML
  Rendering home/index.html.erb within layouts/application
  Rendered home/index.html.erb within layouts/application (0.6ms)
Completed 200 OK in 20ms (Views: 18.7ms)


Started GET "/" for 127.0.0.1 at 2018-06-27 00:58:22 -0300
Processing by HomeController#index as HTML
  Rendering home/index.html.erb within layouts/application
  Rendered home/index.html.erb within layouts/application (3.8ms)
Completed 200 OK in 46ms (Views: 42.3ms)


Started GET "/" for 127.0.0.1 at 2018-07-05 21:00:05 -0300
  [1m[35m (0.1ms)[0m  [1m[34mSELECT "schema_migrations"."version" FROM "schema_migrations" ORDER BY "schema_migrations"."version" ASC[0m
Processing by HomeController#index as HTML
  Rendering home/index.html.erb within layouts/application
  Rendered home/index.html.erb within layouts/application (1.2ms)
Completed 200 OK in 195ms (Views: 189.0ms | ActiveRecord: 0.0ms)


Started GET "/rails/info/routes" for 127.0.0.1 at 2018-07-05 21:00:13 -0300
Processing by Rails::InfoController#routes as HTML
  Rendering /home/fsoares/.rvm/gems/ruby-2.2.3/gems/railties-5.1.6/lib/rails/templates/rails/info/routes.html.erb within layouts/application
  Rendered collection of /home/fsoares/.rvm/gems/ruby-2.2.3/gems/actionpack-5.1.6/lib/action_dispatch/middleware/templates/routes/_route.html.erb [34 times] (9.9ms)
  Rendered /home/fsoares/.rvm/gems/ruby-2.2.3/gems/actionpack-5.1.6/lib/action_dispatch/middleware/templates/routes/_table.html.erb (8.7ms)
  Rendered /home/fsoares/.rvm/gems/ruby-2.2.3/gems/railties-5.1.6/lib/rails/templates/rails/info/routes.html.erb within layouts/application (22.1ms)
Completed 200 OK in 27ms (Views: 25.0ms | ActiveRecord: 0.0ms)


Started GET "/kinds" for 127.0.0.1 at 2018-07-05 21:03:46 -0300
Processing by KindsController#index as HTML
  Rendering kinds/index.html.erb within layouts/application
  [1m[36mKind Load (1.3ms)[0m  [1m[34mSELECT "kinds".* FROM "kinds"[0m
  Rendered kinds/index.html.erb within layouts/application (11.3ms)
Completed 200 OK in 48ms (Views: 36.3ms | ActiveRecord: 2.0ms)


Started GET "/kinds/1" for 127.0.0.1 at 2018-07-05 21:04:11 -0300
Processing by KindsController#show as HTML
  Parameters: {"id"=>"1"}
  [1m[36mKind Load (0.2ms)[0m  [1m[34mSELECT  "kinds".* FROM "kinds" WHERE "kinds"."id" = ? LIMIT ?[0m  [["id", 1], ["LIMIT", 1]]
  Rendering kinds/show.html.erb within layouts/application
  Rendered kinds/show.html.erb within layouts/application (1.5ms)
Completed 200 OK in 32ms (Views: 26.0ms | ActiveRecord: 0.2ms)


